2020-12-01 00:29:24.037  INFO 1356 --- [restartedMain] c.tfm.springboot.api.TfmApiApplication   : Starting TfmApiApplication on DESKTOP-GBFE57N with PID 1356 (D:\Uoc\TFM\api\Api\bin\main started by Raul in D:\Uoc\TFM\api\Api)
2020-12-01 00:29:24.042  INFO 1356 --- [restartedMain] c.tfm.springboot.api.TfmApiApplication   : No active profile set, falling back to default profiles: default
2020-12-01 00:29:24.087  INFO 1356 --- [restartedMain] .e.DevToolsPropertyDefaultsPostProcessor : Devtools property defaults active! Set 'spring.devtools.add-properties' to 'false' to disable
2020-12-01 00:29:24.088  INFO 1356 --- [restartedMain] .e.DevToolsPropertyDefaultsPostProcessor : For additional web related logging consider setting the 'logging.level.web' property to 'DEBUG'
2020-12-01 00:29:24.851  INFO 1356 --- [restartedMain] o.s.b.w.embedded.tomcat.TomcatWebServer  : Tomcat initialized with port(s): 8080 (http)
2020-12-01 00:29:24.858  INFO 1356 --- [restartedMain] o.apache.catalina.core.StandardService   : Starting service [Tomcat]
2020-12-01 00:29:24.859  INFO 1356 --- [restartedMain] org.apache.catalina.core.StandardEngine  : Starting Servlet engine: [Apache Tomcat/9.0.37]
2020-12-01 00:29:24.941  INFO 1356 --- [restartedMain] o.a.c.c.C.[Tomcat].[localhost].[/]       : Initializing Spring embedded WebApplicationContext
2020-12-01 00:29:24.941  INFO 1356 --- [restartedMain] w.s.c.ServletWebServerApplicationContext : Root WebApplicationContext: initialization completed in 853 ms
2020-12-01 00:29:25.115  INFO 1356 --- [restartedMain] o.s.s.concurrent.ThreadPoolTaskExecutor  : Initializing ExecutorService 'applicationTaskExecutor'
2020-12-01 00:29:25.226  INFO 1356 --- [restartedMain] o.s.b.d.a.OptionalLiveReloadServer       : LiveReload server is running on port 35729
2020-12-01 00:29:25.255  INFO 1356 --- [restartedMain] o.s.b.w.embedded.tomcat.TomcatWebServer  : Tomcat started on port(s): 8080 (http) with context path ''
2020-12-01 00:29:25.264  INFO 1356 --- [restartedMain] c.tfm.springboot.api.TfmApiApplication   : Started TfmApiApplication in 1.482 seconds (JVM running for 2.155)
2020-12-01 00:29:36.976  INFO 1356 --- [http-nio-8080-exec-1] o.a.c.c.C.[Tomcat].[localhost].[/]       : Initializing Spring DispatcherServlet 'dispatcherServlet'
2020-12-01 00:29:36.977  INFO 1356 --- [http-nio-8080-exec-1] o.s.web.servlet.DispatcherServlet        : Initializing Servlet 'dispatcherServlet'
2020-12-01 00:29:36.983  INFO 1356 --- [http-nio-8080-exec-1] o.s.web.servlet.DispatcherServlet        : Completed initialization in 5 ms
2020-12-01 00:32:29.700  INFO 1356 --- [Thread-10] o.s.s.concurrent.ThreadPoolTaskExecutor  : Shutting down ExecutorService 'applicationTaskExecutor'
2020-12-01 00:32:29.786  INFO 1356 --- [restartedMain] c.tfm.springboot.api.TfmApiApplication   : Starting TfmApiApplication on DESKTOP-GBFE57N with PID 1356 (D:\Uoc\TFM\api\Api\bin\main started by Raul in D:\Uoc\TFM\api\Api)
2020-12-01 00:32:29.787  INFO 1356 --- [restartedMain] c.tfm.springboot.api.TfmApiApplication   : No active profile set, falling back to default profiles: default
2020-12-01 00:32:29.999  INFO 1356 --- [restartedMain] o.s.b.w.embedded.tomcat.TomcatWebServer  : Tomcat initialized with port(s): 8080 (http)
2020-12-01 00:32:30.000  INFO 1356 --- [restartedMain] o.apache.catalina.core.StandardService   : Starting service [Tomcat]
2020-12-01 00:32:30.000  INFO 1356 --- [restartedMain] org.apache.catalina.core.StandardEngine  : Starting Servlet engine: [Apache Tomcat/9.0.37]
2020-12-01 00:32:30.011  INFO 1356 --- [restartedMain] o.a.c.c.C.[Tomcat].[localhost].[/]       : Initializing Spring embedded WebApplicationContext
2020-12-01 00:32:30.012  INFO 1356 --- [restartedMain] w.s.c.ServletWebServerApplicationContext : Root WebApplicationContext: initialization completed in 223 ms
2020-12-01 00:32:30.052  INFO 1356 --- [restartedMain] o.s.s.concurrent.ThreadPoolTaskExecutor  : Initializing ExecutorService 'applicationTaskExecutor'
2020-12-01 00:32:30.082  INFO 1356 --- [restartedMain] o.s.b.d.a.OptionalLiveReloadServer       : LiveReload server is running on port 35729
2020-12-01 00:32:30.089  INFO 1356 --- [restartedMain] o.s.b.w.embedded.tomcat.TomcatWebServer  : Tomcat started on port(s): 8080 (http) with context path ''
2020-12-01 00:32:30.095  INFO 1356 --- [restartedMain] c.tfm.springboot.api.TfmApiApplication   : Started TfmApiApplication in 0.331 seconds (JVM running for 186.985)
2020-12-01 00:32:30.097  INFO 1356 --- [restartedMain] .ConditionEvaluationDeltaLoggingListener : Condition evaluation unchanged
2020-12-01 00:32:33.390  INFO 1356 --- [http-nio-8080-exec-1] o.a.c.c.C.[Tomcat].[localhost].[/]       : Initializing Spring DispatcherServlet 'dispatcherServlet'
2020-12-01 00:32:33.393  INFO 1356 --- [http-nio-8080-exec-1] o.s.web.servlet.DispatcherServlet        : Initializing Servlet 'dispatcherServlet'
2020-12-01 00:32:33.399  INFO 1356 --- [http-nio-8080-exec-1] o.s.web.servlet.DispatcherServlet        : Completed initialization in 6 ms
2020-12-01 00:34:42.788  INFO 1356 --- [Thread-17] o.s.s.concurrent.ThreadPoolTaskExecutor  : Shutting down ExecutorService 'applicationTaskExecutor'
2020-12-01 00:34:42.893  INFO 1356 --- [restartedMain] c.tfm.springboot.api.TfmApiApplication   : Starting TfmApiApplication on DESKTOP-GBFE57N with PID 1356 (D:\Uoc\TFM\api\Api\bin\main started by Raul in D:\Uoc\TFM\api\Api)
2020-12-01 00:34:42.894  INFO 1356 --- [restartedMain] c.tfm.springboot.api.TfmApiApplication   : No active profile set, falling back to default profiles: default
2020-12-01 00:34:43.082  INFO 1356 --- [restartedMain] o.s.b.w.embedded.tomcat.TomcatWebServer  : Tomcat initialized with port(s): 8080 (http)
2020-12-01 00:34:43.083  INFO 1356 --- [restartedMain] o.apache.catalina.core.StandardService   : Starting service [Tomcat]
2020-12-01 00:34:43.083  INFO 1356 --- [restartedMain] org.apache.catalina.core.StandardEngine  : Starting Servlet engine: [Apache Tomcat/9.0.37]
2020-12-01 00:34:43.103  INFO 1356 --- [restartedMain] o.a.c.c.C.[Tomcat].[localhost].[/]       : Initializing Spring embedded WebApplicationContext
2020-12-01 00:34:43.103  INFO 1356 --- [restartedMain] w.s.c.ServletWebServerApplicationContext : Root WebApplicationContext: initialization completed in 207 ms
2020-12-01 00:34:43.144  INFO 1356 --- [restartedMain] o.s.s.concurrent.ThreadPoolTaskExecutor  : Initializing ExecutorService 'applicationTaskExecutor'
2020-12-01 00:34:43.181  INFO 1356 --- [restartedMain] o.s.b.d.a.OptionalLiveReloadServer       : LiveReload server is running on port 35729
2020-12-01 00:34:43.189  INFO 1356 --- [restartedMain] o.s.b.w.embedded.tomcat.TomcatWebServer  : Tomcat started on port(s): 8080 (http) with context path ''
2020-12-01 00:34:43.192  INFO 1356 --- [restartedMain] c.tfm.springboot.api.TfmApiApplication   : Started TfmApiApplication in 0.32 seconds (JVM running for 320.083)
2020-12-01 00:34:43.194  INFO 1356 --- [restartedMain] .ConditionEvaluationDeltaLoggingListener : Condition evaluation unchanged
2020-12-01 00:34:46.413  INFO 1356 --- [http-nio-8080-exec-1] o.a.c.c.C.[Tomcat].[localhost].[/]       : Initializing Spring DispatcherServlet 'dispatcherServlet'
2020-12-01 00:34:46.414  INFO 1356 --- [http-nio-8080-exec-1] o.s.web.servlet.DispatcherServlet        : Initializing Servlet 'dispatcherServlet'
2020-12-01 00:34:46.420  INFO 1356 --- [http-nio-8080-exec-1] o.s.web.servlet.DispatcherServlet        : Completed initialization in 6 ms
2020-12-01 00:35:02.002  INFO 1356 --- [Thread-24] o.s.s.concurrent.ThreadPoolTaskExecutor  : Shutting down ExecutorService 'applicationTaskExecutor'
2020-12-01 00:35:02.094  INFO 1356 --- [restartedMain] c.tfm.springboot.api.TfmApiApplication   : Starting TfmApiApplication on DESKTOP-GBFE57N with PID 1356 (D:\Uoc\TFM\api\Api\bin\main started by Raul in D:\Uoc\TFM\api\Api)
2020-12-01 00:35:02.094  INFO 1356 --- [restartedMain] c.tfm.springboot.api.TfmApiApplication   : No active profile set, falling back to default profiles: default
2020-12-01 00:35:02.274  INFO 1356 --- [restartedMain] o.s.b.w.embedded.tomcat.TomcatWebServer  : Tomcat initialized with port(s): 8080 (http)
2020-12-01 00:35:02.275  INFO 1356 --- [restartedMain] o.apache.catalina.core.StandardService   : Starting service [Tomcat]
2020-12-01 00:35:02.275  INFO 1356 --- [restartedMain] org.apache.catalina.core.StandardEngine  : Starting Servlet engine: [Apache Tomcat/9.0.37]
2020-12-01 00:35:02.286  INFO 1356 --- [restartedMain] o.a.c.c.C.[Tomcat].[localhost].[/]       : Initializing Spring embedded WebApplicationContext
2020-12-01 00:35:02.286  INFO 1356 --- [restartedMain] w.s.c.ServletWebServerApplicationContext : Root WebApplicationContext: initialization completed in 190 ms
2020-12-01 00:35:02.320  INFO 1356 --- [restartedMain] o.s.s.concurrent.ThreadPoolTaskExecutor  : Initializing ExecutorService 'applicationTaskExecutor'
2020-12-01 00:35:02.350  INFO 1356 --- [restartedMain] o.s.b.d.a.OptionalLiveReloadServer       : LiveReload server is running on port 35729
2020-12-01 00:35:02.357  INFO 1356 --- [restartedMain] o.s.b.w.embedded.tomcat.TomcatWebServer  : Tomcat started on port(s): 8080 (http) with context path ''
2020-12-01 00:35:02.360  INFO 1356 --- [restartedMain] c.tfm.springboot.api.TfmApiApplication   : Started TfmApiApplication in 0.285 seconds (JVM running for 339.25)
2020-12-01 00:35:02.362  INFO 1356 --- [restartedMain] .ConditionEvaluationDeltaLoggingListener : Condition evaluation unchanged
2020-12-01 00:35:06.687  INFO 1356 --- [http-nio-8080-exec-1] o.a.c.c.C.[Tomcat].[localhost].[/]       : Initializing Spring DispatcherServlet 'dispatcherServlet'
2020-12-01 00:35:06.688  INFO 1356 --- [http-nio-8080-exec-1] o.s.web.servlet.DispatcherServlet        : Initializing Servlet 'dispatcherServlet'
2020-12-01 00:35:06.690  INFO 1356 --- [http-nio-8080-exec-1] o.s.web.servlet.DispatcherServlet        : Completed initialization in 2 ms
2020-12-01 00:45:47.682  INFO 1356 --- [Thread-31] o.s.s.concurrent.ThreadPoolTaskExecutor  : Shutting down ExecutorService 'applicationTaskExecutor'
2020-12-01 00:45:47.768  INFO 1356 --- [restartedMain] c.tfm.springboot.api.TfmApiApplication   : Starting TfmApiApplication on DESKTOP-GBFE57N with PID 1356 (D:\Uoc\TFM\api\Api\bin\main started by Raul in D:\Uoc\TFM\api\Api)
2020-12-01 00:45:47.768  INFO 1356 --- [restartedMain] c.tfm.springboot.api.TfmApiApplication   : No active profile set, falling back to default profiles: default
2020-12-01 00:45:47.958  INFO 1356 --- [restartedMain] o.s.b.w.embedded.tomcat.TomcatWebServer  : Tomcat initialized with port(s): 8080 (http)
2020-12-01 00:45:47.958  INFO 1356 --- [restartedMain] o.apache.catalina.core.StandardService   : Starting service [Tomcat]
2020-12-01 00:45:47.959  INFO 1356 --- [restartedMain] org.apache.catalina.core.StandardEngine  : Starting Servlet engine: [Apache Tomcat/9.0.37]
2020-12-01 00:45:47.970  INFO 1356 --- [restartedMain] o.a.c.c.C.[Tomcat].[localhost].[/]       : Initializing Spring embedded WebApplicationContext
2020-12-01 00:45:47.970  INFO 1356 --- [restartedMain] w.s.c.ServletWebServerApplicationContext : Root WebApplicationContext: initialization completed in 200 ms
2020-12-01 00:45:48.003  INFO 1356 --- [restartedMain] o.s.s.concurrent.ThreadPoolTaskExecutor  : Initializing ExecutorService 'applicationTaskExecutor'
2020-12-01 00:45:48.030  INFO 1356 --- [restartedMain] o.s.b.d.a.OptionalLiveReloadServer       : LiveReload server is running on port 35729
2020-12-01 00:45:48.037  INFO 1356 --- [restartedMain] o.s.b.w.embedded.tomcat.TomcatWebServer  : Tomcat started on port(s): 8080 (http) with context path ''
2020-12-01 00:45:48.044  INFO 1356 --- [restartedMain] c.tfm.springboot.api.TfmApiApplication   : Started TfmApiApplication in 0.296 seconds (JVM running for 984.935)
2020-12-01 00:45:48.047  INFO 1356 --- [restartedMain] .ConditionEvaluationDeltaLoggingListener : Condition evaluation unchanged
2020-12-01 00:45:58.724  INFO 1356 --- [http-nio-8080-exec-1] o.a.c.c.C.[Tomcat].[localhost].[/]       : Initializing Spring DispatcherServlet 'dispatcherServlet'
2020-12-01 00:45:58.724  INFO 1356 --- [http-nio-8080-exec-1] o.s.web.servlet.DispatcherServlet        : Initializing Servlet 'dispatcherServlet'
2020-12-01 00:45:58.727  INFO 1356 --- [http-nio-8080-exec-1] o.s.web.servlet.DispatcherServlet        : Completed initialization in 2 ms
2020-12-01 14:16:38.309  INFO 1356 --- [RMI TCP Connection(1655)-127.0.0.1] inMXBeanRegistrar$SpringApplicationAdmin : Application shutdown requested.
2020-12-01 14:16:38.457  INFO 1356 --- [RMI TCP Connection(1655)-127.0.0.1] o.s.s.concurrent.ThreadPoolTaskExecutor  : Shutting down ExecutorService 'applicationTaskExecutor'
2020-12-01 15:09:28.821  INFO 8016 --- [restartedMain] c.tfm.springboot.api.TfmApiApplication   : Starting TfmApiApplication on DESKTOP-GBFE57N with PID 8016 (D:\Uoc\TFM\api\Api\bin\main started by Raul in D:\Uoc\TFM\api\Api)
2020-12-01 15:09:28.825  INFO 8016 --- [restartedMain] c.tfm.springboot.api.TfmApiApplication   : No active profile set, falling back to default profiles: default
2020-12-01 15:09:28.873  INFO 8016 --- [restartedMain] .e.DevToolsPropertyDefaultsPostProcessor : Devtools property defaults active! Set 'spring.devtools.add-properties' to 'false' to disable
2020-12-01 15:09:28.873  INFO 8016 --- [restartedMain] .e.DevToolsPropertyDefaultsPostProcessor : For additional web related logging consider setting the 'logging.level.web' property to 'DEBUG'
2020-12-01 15:09:29.643  INFO 8016 --- [restartedMain] o.s.b.w.embedded.tomcat.TomcatWebServer  : Tomcat initialized with port(s): 8080 (http)
2020-12-01 15:09:29.649  INFO 8016 --- [restartedMain] o.apache.catalina.core.StandardService   : Starting service [Tomcat]
2020-12-01 15:09:29.650  INFO 8016 --- [restartedMain] org.apache.catalina.core.StandardEngine  : Starting Servlet engine: [Apache Tomcat/9.0.37]
2020-12-01 15:09:29.737  INFO 8016 --- [restartedMain] o.a.c.c.C.[Tomcat].[localhost].[/]       : Initializing Spring embedded WebApplicationContext
2020-12-01 15:09:29.737  INFO 8016 --- [restartedMain] w.s.c.ServletWebServerApplicationContext : Root WebApplicationContext: initialization completed in 864 ms
2020-12-01 15:09:29.905  INFO 8016 --- [restartedMain] o.s.s.concurrent.ThreadPoolTaskExecutor  : Initializing ExecutorService 'applicationTaskExecutor'
2020-12-01 15:09:30.014  INFO 8016 --- [restartedMain] o.s.b.d.a.OptionalLiveReloadServer       : LiveReload server is running on port 35729
2020-12-01 15:09:30.046  INFO 8016 --- [restartedMain] o.s.b.w.embedded.tomcat.TomcatWebServer  : Tomcat started on port(s): 8080 (http) with context path ''
2020-12-01 15:09:30.055  INFO 8016 --- [restartedMain] c.tfm.springboot.api.TfmApiApplication   : Started TfmApiApplication in 1.49 seconds (JVM running for 2.178)
2020-12-01 15:09:59.200  INFO 8016 --- [http-nio-8080-exec-1] o.a.c.c.C.[Tomcat].[localhost].[/]       : Initializing Spring DispatcherServlet 'dispatcherServlet'
2020-12-01 15:09:59.201  INFO 8016 --- [http-nio-8080-exec-1] o.s.web.servlet.DispatcherServlet        : Initializing Servlet 'dispatcherServlet'
2020-12-01 15:09:59.204  INFO 8016 --- [http-nio-8080-exec-1] o.s.web.servlet.DispatcherServlet        : Completed initialization in 3 ms
2020-12-01 15:11:05.154  INFO 8016 --- [Thread-10] o.s.s.concurrent.ThreadPoolTaskExecutor  : Shutting down ExecutorService 'applicationTaskExecutor'
2020-12-01 15:11:05.237  INFO 8016 --- [restartedMain] c.tfm.springboot.api.TfmApiApplication   : Starting TfmApiApplication on DESKTOP-GBFE57N with PID 8016 (D:\Uoc\TFM\api\Api\bin\main started by Raul in D:\Uoc\TFM\api\Api)
2020-12-01 15:11:05.237  INFO 8016 --- [restartedMain] c.tfm.springboot.api.TfmApiApplication   : No active profile set, falling back to default profiles: default
2020-12-01 15:11:05.450  INFO 8016 --- [restartedMain] o.s.b.w.embedded.tomcat.TomcatWebServer  : Tomcat initialized with port(s): 8080 (http)
2020-12-01 15:11:05.451  INFO 8016 --- [restartedMain] o.apache.catalina.core.StandardService   : Starting service [Tomcat]
2020-12-01 15:11:05.451  INFO 8016 --- [restartedMain] org.apache.catalina.core.StandardEngine  : Starting Servlet engine: [Apache Tomcat/9.0.37]
2020-12-01 15:11:05.463  INFO 8016 --- [restartedMain] o.a.c.c.C.[Tomcat].[localhost].[/]       : Initializing Spring embedded WebApplicationContext
2020-12-01 15:11:05.464  INFO 8016 --- [restartedMain] w.s.c.ServletWebServerApplicationContext : Root WebApplicationContext: initialization completed in 225 ms
2020-12-01 15:11:05.511  INFO 8016 --- [restartedMain] o.s.s.concurrent.ThreadPoolTaskExecutor  : Initializing ExecutorService 'applicationTaskExecutor'
2020-12-01 15:11:05.548  INFO 8016 --- [restartedMain] o.s.b.d.a.OptionalLiveReloadServer       : LiveReload server is running on port 35729
2020-12-01 15:11:05.556  INFO 8016 --- [restartedMain] o.s.b.w.embedded.tomcat.TomcatWebServer  : Tomcat started on port(s): 8080 (http) with context path ''
2020-12-01 15:11:05.561  INFO 8016 --- [restartedMain] c.tfm.springboot.api.TfmApiApplication   : Started TfmApiApplication in 0.347 seconds (JVM running for 97.684)
2020-12-01 15:11:05.564  INFO 8016 --- [restartedMain] .ConditionEvaluationDeltaLoggingListener : Condition evaluation unchanged
2020-12-01 15:11:08.635  INFO 8016 --- [http-nio-8080-exec-1] o.a.c.c.C.[Tomcat].[localhost].[/]       : Initializing Spring DispatcherServlet 'dispatcherServlet'
2020-12-01 15:11:08.636  INFO 8016 --- [http-nio-8080-exec-1] o.s.web.servlet.DispatcherServlet        : Initializing Servlet 'dispatcherServlet'
2020-12-01 15:11:08.642  INFO 8016 --- [http-nio-8080-exec-1] o.s.web.servlet.DispatcherServlet        : Completed initialization in 6 ms
2020-12-01 15:11:46.738  INFO 8016 --- [Thread-17] o.s.s.concurrent.ThreadPoolTaskExecutor  : Shutting down ExecutorService 'applicationTaskExecutor'
2020-12-01 15:11:46.832  INFO 8016 --- [restartedMain] c.tfm.springboot.api.TfmApiApplication   : Starting TfmApiApplication on DESKTOP-GBFE57N with PID 8016 (D:\Uoc\TFM\api\Api\bin\main started by Raul in D:\Uoc\TFM\api\Api)
2020-12-01 15:11:46.832  INFO 8016 --- [restartedMain] c.tfm.springboot.api.TfmApiApplication   : No active profile set, falling back to default profiles: default
2020-12-01 15:11:47.022  INFO 8016 --- [restartedMain] o.s.b.w.embedded.tomcat.TomcatWebServer  : Tomcat initialized with port(s): 8080 (http)
2020-12-01 15:11:47.022  INFO 8016 --- [restartedMain] o.apache.catalina.core.StandardService   : Starting service [Tomcat]
2020-12-01 15:11:47.023  INFO 8016 --- [restartedMain] org.apache.catalina.core.StandardEngine  : Starting Servlet engine: [Apache Tomcat/9.0.37]
2020-12-01 15:11:47.040  INFO 8016 --- [restartedMain] o.a.c.c.C.[Tomcat].[localhost].[/]       : Initializing Spring embedded WebApplicationContext
2020-12-01 15:11:47.040  INFO 8016 --- [restartedMain] w.s.c.ServletWebServerApplicationContext : Root WebApplicationContext: initialization completed in 205 ms
2020-12-01 15:11:47.078  INFO 8016 --- [restartedMain] o.s.s.concurrent.ThreadPoolTaskExecutor  : Initializing ExecutorService 'applicationTaskExecutor'
2020-12-01 15:11:47.105  INFO 8016 --- [restartedMain] o.s.b.d.a.OptionalLiveReloadServer       : LiveReload server is running on port 35729
2020-12-01 15:11:47.112  INFO 8016 --- [restartedMain] o.s.b.w.embedded.tomcat.TomcatWebServer  : Tomcat started on port(s): 8080 (http) with context path ''
2020-12-01 15:11:47.115  INFO 8016 --- [restartedMain] c.tfm.springboot.api.TfmApiApplication   : Started TfmApiApplication in 0.303 seconds (JVM running for 139.239)
2020-12-01 15:11:47.117  INFO 8016 --- [restartedMain] .ConditionEvaluationDeltaLoggingListener : Condition evaluation unchanged
2020-12-01 15:11:50.174  INFO 8016 --- [http-nio-8080-exec-1] o.a.c.c.C.[Tomcat].[localhost].[/]       : Initializing Spring DispatcherServlet 'dispatcherServlet'
2020-12-01 15:11:50.175  INFO 8016 --- [http-nio-8080-exec-1] o.s.web.servlet.DispatcherServlet        : Initializing Servlet 'dispatcherServlet'
2020-12-01 15:11:50.180  INFO 8016 --- [http-nio-8080-exec-1] o.s.web.servlet.DispatcherServlet        : Completed initialization in 5 ms
2020-12-01 15:12:32.430  INFO 8016 --- [Thread-24] o.s.s.concurrent.ThreadPoolTaskExecutor  : Shutting down ExecutorService 'applicationTaskExecutor'
2020-12-01 15:12:32.525  INFO 8016 --- [restartedMain] c.tfm.springboot.api.TfmApiApplication   : Starting TfmApiApplication on DESKTOP-GBFE57N with PID 8016 (D:\Uoc\TFM\api\Api\bin\main started by Raul in D:\Uoc\TFM\api\Api)
2020-12-01 15:12:32.525  INFO 8016 --- [restartedMain] c.tfm.springboot.api.TfmApiApplication   : No active profile set, falling back to default profiles: default
2020-12-01 15:12:32.703  INFO 8016 --- [restartedMain] o.s.b.w.embedded.tomcat.TomcatWebServer  : Tomcat initialized with port(s): 8080 (http)
2020-12-01 15:12:32.704  INFO 8016 --- [restartedMain] o.apache.catalina.core.StandardService   : Starting service [Tomcat]
2020-12-01 15:12:32.704  INFO 8016 --- [restartedMain] org.apache.catalina.core.StandardEngine  : Starting Servlet engine: [Apache Tomcat/9.0.37]
2020-12-01 15:12:32.717  INFO 8016 --- [restartedMain] o.a.c.c.C.[Tomcat].[localhost].[/]       : Initializing Spring embedded WebApplicationContext
2020-12-01 15:12:32.717  INFO 8016 --- [restartedMain] w.s.c.ServletWebServerApplicationContext : Root WebApplicationContext: initialization completed in 190 ms
2020-12-01 15:12:32.755  INFO 8016 --- [restartedMain] o.s.s.concurrent.ThreadPoolTaskExecutor  : Initializing ExecutorService 'applicationTaskExecutor'
2020-12-01 15:12:32.787  INFO 8016 --- [restartedMain] o.s.b.d.a.OptionalLiveReloadServer       : LiveReload server is running on port 35729
2020-12-01 15:12:32.794  INFO 8016 --- [restartedMain] o.s.b.w.embedded.tomcat.TomcatWebServer  : Tomcat started on port(s): 8080 (http) with context path ''
2020-12-01 15:12:32.799  INFO 8016 --- [restartedMain] c.tfm.springboot.api.TfmApiApplication   : Started TfmApiApplication in 0.293 seconds (JVM running for 184.922)
2020-12-01 15:12:32.802  INFO 8016 --- [restartedMain] .ConditionEvaluationDeltaLoggingListener : Condition evaluation unchanged
2020-12-01 15:12:35.901  INFO 8016 --- [http-nio-8080-exec-1] o.a.c.c.C.[Tomcat].[localhost].[/]       : Initializing Spring DispatcherServlet 'dispatcherServlet'
2020-12-01 15:12:35.903  INFO 8016 --- [http-nio-8080-exec-1] o.s.web.servlet.DispatcherServlet        : Initializing Servlet 'dispatcherServlet'
2020-12-01 15:12:35.905  INFO 8016 --- [http-nio-8080-exec-1] o.s.web.servlet.DispatcherServlet        : Completed initialization in 2 ms
2020-12-01 15:13:29.233  INFO 8016 --- [Thread-31] o.s.s.concurrent.ThreadPoolTaskExecutor  : Shutting down ExecutorService 'applicationTaskExecutor'
2020-12-01 15:13:29.313  INFO 8016 --- [restartedMain] c.tfm.springboot.api.TfmApiApplication   : Starting TfmApiApplication on DESKTOP-GBFE57N with PID 8016 (D:\Uoc\TFM\api\Api\bin\main started by Raul in D:\Uoc\TFM\api\Api)
2020-12-01 15:13:29.314  INFO 8016 --- [restartedMain] c.tfm.springboot.api.TfmApiApplication   : No active profile set, falling back to default profiles: default
2020-12-01 15:13:29.489  INFO 8016 --- [restartedMain] o.s.b.w.embedded.tomcat.TomcatWebServer  : Tomcat initialized with port(s): 8080 (http)
2020-12-01 15:13:29.490  INFO 8016 --- [restartedMain] o.apache.catalina.core.StandardService   : Starting service [Tomcat]
2020-12-01 15:13:29.490  INFO 8016 --- [restartedMain] org.apache.catalina.core.StandardEngine  : Starting Servlet engine: [Apache Tomcat/9.0.37]
2020-12-01 15:13:29.503  INFO 8016 --- [restartedMain] o.a.c.c.C.[Tomcat].[localhost].[/]       : Initializing Spring embedded WebApplicationContext
2020-12-01 15:13:29.504  INFO 8016 --- [restartedMain] w.s.c.ServletWebServerApplicationContext : Root WebApplicationContext: initialization completed in 188 ms
2020-12-01 15:13:29.540  INFO 8016 --- [restartedMain] o.s.s.concurrent.ThreadPoolTaskExecutor  : Initializing ExecutorService 'applicationTaskExecutor'
2020-12-01 15:13:29.573  INFO 8016 --- [restartedMain] o.s.b.d.a.OptionalLiveReloadServer       : LiveReload server is running on port 35729
2020-12-01 15:13:29.583  INFO 8016 --- [restartedMain] o.s.b.w.embedded.tomcat.TomcatWebServer  : Tomcat started on port(s): 8080 (http) with context path ''
2020-12-01 15:13:29.587  INFO 8016 --- [restartedMain] c.tfm.springboot.api.TfmApiApplication   : Started TfmApiApplication in 0.293 seconds (JVM running for 241.711)
2020-12-01 15:13:29.592  INFO 8016 --- [restartedMain] .ConditionEvaluationDeltaLoggingListener : Condition evaluation unchanged
2020-12-01 15:13:30.948  INFO 8016 --- [http-nio-8080-exec-1] o.a.c.c.C.[Tomcat].[localhost].[/]       : Initializing Spring DispatcherServlet 'dispatcherServlet'
2020-12-01 15:13:30.948  INFO 8016 --- [http-nio-8080-exec-1] o.s.web.servlet.DispatcherServlet        : Initializing Servlet 'dispatcherServlet'
2020-12-01 15:13:30.950  INFO 8016 --- [http-nio-8080-exec-1] o.s.web.servlet.DispatcherServlet        : Completed initialization in 2 ms
2020-12-01 21:05:20.854  INFO 8016 --- [Thread-38] o.s.s.concurrent.ThreadPoolTaskExecutor  : Shutting down ExecutorService 'applicationTaskExecutor'
2020-12-01 21:05:21.048  INFO 8016 --- [restartedMain] c.tfm.springboot.api.TfmApiApplication   : Starting TfmApiApplication on DESKTOP-GBFE57N with PID 8016 (D:\Uoc\TFM\api\Api\bin\main started by Raul in D:\Uoc\TFM\api\Api)
2020-12-01 21:05:21.048  INFO 8016 --- [restartedMain] c.tfm.springboot.api.TfmApiApplication   : No active profile set, falling back to default profiles: default
2020-12-01 21:05:21.250  INFO 8016 --- [restartedMain] o.s.b.w.embedded.tomcat.TomcatWebServer  : Tomcat initialized with port(s): 8080 (http)
2020-12-01 21:05:21.251  INFO 8016 --- [restartedMain] o.apache.catalina.core.StandardService   : Starting service [Tomcat]
2020-12-01 21:05:21.251  INFO 8016 --- [restartedMain] org.apache.catalina.core.StandardEngine  : Starting Servlet engine: [Apache Tomcat/9.0.37]
2020-12-01 21:05:21.263  INFO 8016 --- [restartedMain] o.a.c.c.C.[Tomcat].[localhost].[/]       : Initializing Spring embedded WebApplicationContext
2020-12-01 21:05:21.263  INFO 8016 --- [restartedMain] w.s.c.ServletWebServerApplicationContext : Root WebApplicationContext: initialization completed in 212 ms
2020-12-01 21:05:21.305  INFO 8016 --- [restartedMain] o.s.s.concurrent.ThreadPoolTaskExecutor  : Initializing ExecutorService 'applicationTaskExecutor'
2020-12-01 21:05:21.336  INFO 8016 --- [restartedMain] o.s.b.d.a.OptionalLiveReloadServer       : LiveReload server is running on port 35729
2020-12-01 21:05:21.343  INFO 8016 --- [restartedMain] o.s.b.w.embedded.tomcat.TomcatWebServer  : Tomcat started on port(s): 8080 (http) with context path ''
2020-12-01 21:05:21.347  INFO 8016 --- [restartedMain] c.tfm.springboot.api.TfmApiApplication   : Started TfmApiApplication in 0.323 seconds (JVM running for 21353.47)
2020-12-01 21:05:21.348  INFO 8016 --- [restartedMain] .ConditionEvaluationDeltaLoggingListener : Condition evaluation unchanged
2020-12-01 21:09:00.526  INFO 8016 --- [Thread-45] o.s.s.concurrent.ThreadPoolTaskExecutor  : Shutting down ExecutorService 'applicationTaskExecutor'
2020-12-01 21:09:00.635  INFO 8016 --- [restartedMain] c.tfm.springboot.api.TfmApiApplication   : Starting TfmApiApplication on DESKTOP-GBFE57N with PID 8016 (D:\Uoc\TFM\api\Api\bin\main started by Raul in D:\Uoc\TFM\api\Api)
2020-12-01 21:09:00.635  INFO 8016 --- [restartedMain] c.tfm.springboot.api.TfmApiApplication   : No active profile set, falling back to default profiles: default
2020-12-01 21:09:00.826  INFO 8016 --- [restartedMain] o.s.b.w.embedded.tomcat.TomcatWebServer  : Tomcat initialized with port(s): 8080 (http)
2020-12-01 21:09:00.827  INFO 8016 --- [restartedMain] o.apache.catalina.core.StandardService   : Starting service [Tomcat]
2020-12-01 21:09:00.827  INFO 8016 --- [restartedMain] org.apache.catalina.core.StandardEngine  : Starting Servlet engine: [Apache Tomcat/9.0.37]
2020-12-01 21:09:00.838  INFO 8016 --- [restartedMain] o.a.c.c.C.[Tomcat].[localhost].[/]       : Initializing Spring embedded WebApplicationContext
2020-12-01 21:09:00.838  INFO 8016 --- [restartedMain] w.s.c.ServletWebServerApplicationContext : Root WebApplicationContext: initialization completed in 200 ms
2020-12-01 21:09:00.869  INFO 8016 --- [restartedMain] o.s.s.concurrent.ThreadPoolTaskExecutor  : Initializing ExecutorService 'applicationTaskExecutor'
2020-12-01 21:09:00.897  INFO 8016 --- [restartedMain] o.s.b.d.a.OptionalLiveReloadServer       : LiveReload server is running on port 35729
2020-12-01 21:09:00.904  INFO 8016 --- [restartedMain] o.s.b.w.embedded.tomcat.TomcatWebServer  : Tomcat started on port(s): 8080 (http) with context path ''
2020-12-01 21:09:00.909  INFO 8016 --- [restartedMain] c.tfm.springboot.api.TfmApiApplication   : Started TfmApiApplication in 0.295 seconds (JVM running for 21573.032)
2020-12-01 21:09:00.911  INFO 8016 --- [restartedMain] .ConditionEvaluationDeltaLoggingListener : Condition evaluation unchanged
2020-12-01 21:09:04.424  INFO 8016 --- [RMI TCP Connection(386)-127.0.0.1] inMXBeanRegistrar$SpringApplicationAdmin : Application shutdown requested.
2020-12-01 21:09:04.546  INFO 8016 --- [RMI TCP Connection(386)-127.0.0.1] o.s.s.concurrent.ThreadPoolTaskExecutor  : Shutting down ExecutorService 'applicationTaskExecutor'
